<?xml version="1.0" encoding="UTF-8"?>
<testsuite xmlns:xsi="http://www.w3.org/2001/XMLSchema-instance" xsi:noNamespaceSchemaLocation="https://maven.apache.org/surefire/maven-surefire-plugin/xsd/surefire-test-report-3.0.xsd" version="3.0" name="BunTest" time="0.814" tests="2" errors="0" skipped="0" failures="0">
  <properties>
    <property name="java.specification.version" value="18"/>
    <property name="sun.cpu.isalist" value="amd64"/>
    <property name="sun.jnu.encoding" value="Cp1251"/>
    <property name="java.class.path" value="C:\Users\bryzgachev_v\IdeaProjects\Diplom_1\target\test-classes;C:\Users\bryzgachev_v\IdeaProjects\Diplom_1\target\classes;C:\Users\bryzgachev_v\.m2\repository\junit\junit\4.13.2\junit-4.13.2.jar;C:\Users\bryzgachev_v\.m2\repository\org\hamcrest\hamcrest-core\1.3\hamcrest-core-1.3.jar;C:\Users\bryzgachev_v\.m2\repository\org\mockito\mockito-core\3.12.4\mockito-core-3.12.4.jar;C:\Users\bryzgachev_v\.m2\repository\net\bytebuddy\byte-buddy-agent\1.11.13\byte-buddy-agent-1.11.13.jar;C:\Users\bryzgachev_v\.m2\repository\org\objenesis\objenesis\3.2\objenesis-3.2.jar;C:\Users\bryzgachev_v\.m2\repository\net\bytebuddy\byte-buddy\1.11.16\byte-buddy-1.11.16.jar;"/>
    <property name="java.vm.vendor" value="Oracle Corporation"/>
    <property name="sun.arch.data.model" value="64"/>
    <property name="user.variant" value=""/>
    <property name="java.vendor.url" value="https://java.oracle.com/"/>
    <property name="user.timezone" value="GMT+03:00"/>
    <property name="os.name" value="Windows 10"/>
    <property name="java.vm.specification.version" value="18"/>
    <property name="sun.java.launcher" value="SUN_STANDARD"/>
    <property name="user.country" value="RU"/>
    <property name="sun.boot.library.path" value="C:\Users\bryzgachev_v\.jdks\openjdk-18.0.2.1\bin"/>
    <property name="sun.java.command" value="C:\Users\bryzgachev_v\AppData\Local\Temp\surefire13429457347689267168\surefirebooter1338398896165470236.jar C:\Users\bryzgachev_v\AppData\Local\Temp\surefire13429457347689267168 2022-09-14T14-05-42_463-jvmRun1 surefire16908524014736561656tmp surefire_06498292509934966244tmp"/>
    <property name="jdk.debug" value="release"/>
    <property name="surefire.test.class.path" value="C:\Users\bryzgachev_v\IdeaProjects\Diplom_1\target\test-classes;C:\Users\bryzgachev_v\IdeaProjects\Diplom_1\target\classes;C:\Users\bryzgachev_v\.m2\repository\junit\junit\4.13.2\junit-4.13.2.jar;C:\Users\bryzgachev_v\.m2\repository\org\hamcrest\hamcrest-core\1.3\hamcrest-core-1.3.jar;C:\Users\bryzgachev_v\.m2\repository\org\mockito\mockito-core\3.12.4\mockito-core-3.12.4.jar;C:\Users\bryzgachev_v\.m2\repository\net\bytebuddy\byte-buddy-agent\1.11.13\byte-buddy-agent-1.11.13.jar;C:\Users\bryzgachev_v\.m2\repository\org\objenesis\objenesis\3.2\objenesis-3.2.jar;C:\Users\bryzgachev_v\.m2\repository\net\bytebuddy\byte-buddy\1.11.16\byte-buddy-1.11.16.jar;"/>
    <property name="sun.cpu.endian" value="little"/>
    <property name="user.home" value="C:\Users\bryzgachev_v"/>
    <property name="user.language" value="ru"/>
    <property name="java.specification.vendor" value="Oracle Corporation"/>
    <property name="java.version.date" value="2022-08-18"/>
    <property name="java.home" value="C:\Users\bryzgachev_v\.jdks\openjdk-18.0.2.1"/>
    <property name="file.separator" value="\"/>
    <property name="basedir" value="C:\Users\bryzgachev_v\IdeaProjects\Diplom_1"/>
    <property name="java.vm.compressedOopsMode" value="Zero based"/>
    <property name="line.separator" value="&#10;"/>
    <property name="java.vm.specification.vendor" value="Oracle Corporation"/>
    <property name="java.specification.name" value="Java Platform API Specification"/>
    <property name="surefire.real.class.path" value="C:\Users\bryzgachev_v\AppData\Local\Temp\surefire13429457347689267168\surefirebooter1338398896165470236.jar"/>
    <property name="user.script" value=""/>
    <property name="sun.management.compiler" value="HotSpot 64-Bit Tiered Compilers"/>
    <property name="java.runtime.version" value="18.0.2.1+1-1"/>
    <property name="user.name" value="Bryzgachev_V"/>
    <property name="path.separator" value=";"/>
    <property name="os.version" value="10.0"/>
    <property name="java.runtime.name" value="OpenJDK Runtime Environment"/>
    <property name="file.encoding" value="UTF-8"/>
    <property name="java.vm.name" value="OpenJDK 64-Bit Server VM"/>
    <property name="localRepository" value="C:\Users\bryzgachev_v\.m2\repository"/>
    <property name="java.vendor.url.bug" value="https://bugreport.java.com/bugreport/"/>
    <property name="java.io.tmpdir" value="C:\Users\BRYZGA~1\AppData\Local\Temp\"/>
    <property name="idea.version" value="2022.1.4"/>
    <property name="java.version" value="18.0.2.1"/>
    <property name="user.dir" value="C:\Users\bryzgachev_v\IdeaProjects\Diplom_1"/>
    <property name="os.arch" value="amd64"/>
    <property name="java.vm.specification.name" value="Java Virtual Machine Specification"/>
    <property name="sun.os.patch.level" value=""/>
    <property name="native.encoding" value="Cp1251"/>
    <property name="java.library.path" value="C:\Users\bryzgachev_v\.jdks\openjdk-18.0.2.1\bin;C:\Windows\Sun\Java\bin;C:\Windows\system32;C:\Windows;C:\Program Files\Amazon Corretto\jdk11.0.16_8\bin;C:\Windows\system32;C:\Windows;C:\Windows\System32\Wbem;C:\Windows\System32\WindowsPowerShell\v1.0\;C:\Windows\System32\OpenSSH\;C:\Users\bryzgachev_v\Downloads\allure-2.18.0\bin;C:\Program Files (x86)\Git\cmd;C:\Program Files\Docker\Docker\resources\bin;C:\ProgramData\DockerDesktop\version-bin;C:\Users\bryzgachev_v\Downloads\apache-maven-3.8.6\bin;C:\Users\bryzgachev_v\AppData\Local\Programs\Microsoft VS Code\bin;."/>
    <property name="java.vm.info" value="mixed mode, sharing"/>
    <property name="java.vendor" value="Oracle Corporation"/>
    <property name="java.vm.version" value="18.0.2.1+1-1"/>
    <property name="sun.io.unicode.encoding" value="UnicodeLittle"/>
    <property name="java.class.version" value="62.0"/>
  </properties>
  <testcase name="getName" classname="BunTest" time="0.708"/>
  <testcase name="getPrice" classname="BunTest" time="0"/>
</testsuite>